<?xml version="1.0" encoding="UTF-8"?>
<!-- Generated by org.testng.reporters.JUnitReportReporter -->
<testsuite skipped="0" hostname="LAPTOP-CLIP7DDS" name="B2BPackage.b2brun" tests="1" failures="0" timestamp="2020-12-19T17:49:17 IST" time="0.051" errors="0">
  <testcase name="B2BFlightRestAPIAutomation" time="0.051" classname="B2BPackage.b2brun"/>
  <system-out/>
</testsuite> <!-- B2BPackage.b2brun -->
